{"level":"\u001b[32minfo\u001b[39m","message":"Listening on port: 9000","service":"ecommerce-log-service"}
{"level":"\u001b[32minfo\u001b[39m","message":"Connected to DB: mongodb://localhost:27017/","service":"ecommerce-log-service"}
{"level":"\u001b[32minfo\u001b[39m","message":"Listening on port: 9000","service":"ecommerce-log-service"}
{"level":"\u001b[32minfo\u001b[39m","message":"Connected to DB: mongodb://localhost:27017/","service":"ecommerce-log-service"}
{"level":"\u001b[32minfo\u001b[39m","message":"Listening on port: 9000","service":"ecommerce-log-service"}
{"level":"\u001b[32minfo\u001b[39m","message":"Connected to DB: mongodb://localhost:27017/","service":"ecommerce-log-service"}
{"level":"\u001b[32minfo\u001b[39m","message":"Listening on port: 9000","service":"ecommerce-log-service"}
{"level":"\u001b[32minfo\u001b[39m","message":"Connected to DB: mongodb://localhost:27017/","service":"ecommerce-log-service"}
{"level":"\u001b[32minfo\u001b[39m","message":"Listening on port: 9000","service":"ecommerce-log-service"}
{"level":"\u001b[32minfo\u001b[39m","message":"Connected to DB: mongodb://localhost:27017/","service":"ecommerce-log-service"}
{"level":"\u001b[32minfo\u001b[39m","message":"Listening on port: 9000","service":"ecommerce-log-service"}
{"level":"\u001b[32minfo\u001b[39m","message":"Connected to DB: mongodb://localhost:27017/","service":"ecommerce-log-service"}
{"level":"\u001b[32minfo\u001b[39m","message":"Listening on port: 9000","service":"ecommerce-log-service"}
{"level":"\u001b[32minfo\u001b[39m","message":"Connected to DB: mongodb://localhost:27017/","service":"ecommerce-log-service"}
{"level":"\u001b[32minfo\u001b[39m","message":"Listening on port: 9000","service":"ecommerce-log-service"}
{"level":"\u001b[32minfo\u001b[39m","message":"Connected to DB: mongodb://localhost:27017/","service":"ecommerce-log-service"}
{"level":"\u001b[32minfo\u001b[39m","message":"Listening on port: 9000","service":"ecommerce-log-service"}
{"level":"\u001b[32minfo\u001b[39m","message":"Connected to DB: mongodb://localhost:27017/","service":"ecommerce-log-service"}
{"level":"\u001b[32minfo\u001b[39m","message":"Listening on port: 9000","service":"ecommerce-log-service"}
{"level":"\u001b[32minfo\u001b[39m","message":"Connected to DB: mongodb://localhost:27017/","service":"ecommerce-log-service"}
{"level":"\u001b[32minfo\u001b[39m","message":"Listening on port: 9000","service":"ecommerce-log-service"}
{"level":"\u001b[32minfo\u001b[39m","message":"Connected to DB: mongodb://localhost:27017/","service":"ecommerce-log-service"}
{"level":"\u001b[32minfo\u001b[39m","message":"Listening on port: 9000","service":"ecommerce-log-service"}
{"level":"\u001b[32minfo\u001b[39m","message":"Connected to DB: mongodb://localhost:27017/","service":"ecommerce-log-service"}
{"level":"\u001b[32minfo\u001b[39m","message":"Listening on port: 9000","service":"ecommerce-log-service"}
{"level":"\u001b[32minfo\u001b[39m","message":"Connected to DB: mongodb://localhost:27017/","service":"ecommerce-log-service"}
{"level":"\u001b[32minfo\u001b[39m","message":"Listening on port: 9000","service":"ecommerce-log-service"}
{"level":"\u001b[32minfo\u001b[39m","message":"Connected to DB: mongodb://localhost:27017/","service":"ecommerce-log-service"}
{"level":"\u001b[32minfo\u001b[39m","message":"Listening on port: 9000","service":"ecommerce-log-service"}
{"level":"\u001b[32minfo\u001b[39m","message":"Connected to DB: mongodb://localhost:27017/","service":"ecommerce-log-service"}
{"level":"\u001b[32minfo\u001b[39m","message":"Listening on port: 9000","service":"ecommerce-log-service"}
{"level":"\u001b[32minfo\u001b[39m","message":"Connected to DB: mongodb://localhost:27017/","service":"ecommerce-log-service"}
{"level":"\u001b[32minfo\u001b[39m","message":"Listening on port: 9000","service":"ecommerce-log-service"}
{"level":"\u001b[32minfo\u001b[39m","message":"Connected to DB: mongodb://localhost:27017/","service":"ecommerce-log-service"}
{"level":"\u001b[32minfo\u001b[39m","message":"Listening on port: 9000","service":"ecommerce-log-service"}
{"level":"\u001b[32minfo\u001b[39m","message":"Connected to DB: mongodb://localhost:27017/","service":"ecommerce-log-service"}
{"level":"\u001b[32minfo\u001b[39m","message":"Listening on port: 9000","service":"ecommerce-log-service"}
{"level":"\u001b[32minfo\u001b[39m","message":"Connected to DB: mongodb://localhost:27017/","service":"ecommerce-log-service"}
{"level":"\u001b[32minfo\u001b[39m","message":"Listening on port: 9000","service":"ecommerce-log-service"}
{"level":"\u001b[32minfo\u001b[39m","message":"Connected to DB: mongodb://localhost:27017/","service":"ecommerce-log-service"}
{"level":"\u001b[32minfo\u001b[39m","message":"Listening on port: 9000","service":"ecommerce-log-service"}
{"level":"\u001b[32minfo\u001b[39m","message":"Connected to DB: mongodb://localhost:27017/","service":"ecommerce-log-service"}
{"level":"\u001b[32minfo\u001b[39m","message":"Listening on port: 9000","service":"ecommerce-log-service"}
{"level":"\u001b[32minfo\u001b[39m","message":"Connected to DB: mongodb://localhost:27017/","service":"ecommerce-log-service"}
{"level":"\u001b[32minfo\u001b[39m","message":"Listening on port: 9000","service":"ecommerce-log-service"}
{"level":"\u001b[32minfo\u001b[39m","message":"Connected to DB: mongodb://localhost:27017/","service":"ecommerce-log-service"}
{"level":"\u001b[32minfo\u001b[39m","message":"Listening on port: 9000","service":"ecommerce-log-service"}
{"level":"\u001b[32minfo\u001b[39m","message":"Connected to DB: mongodb://localhost:27017/","service":"ecommerce-log-service"}
{"level":"\u001b[32minfo\u001b[39m","message":"Listening on port: 9000","service":"ecommerce-log-service"}
{"level":"\u001b[32minfo\u001b[39m","message":"Connected to DB: mongodb://localhost:27017/","service":"ecommerce-log-service"}
{"level":"\u001b[32minfo\u001b[39m","message":"Listening on port: 9000","service":"ecommerce-log-service"}
{"level":"\u001b[32minfo\u001b[39m","message":"Connected to DB: mongodb://localhost:27017/","service":"ecommerce-log-service"}
{"level":"\u001b[32minfo\u001b[39m","message":"Listening on port: 9000","service":"ecommerce-log-service"}
{"level":"\u001b[32minfo\u001b[39m","message":"Connected to DB: mongodb://localhost:27017/","service":"ecommerce-log-service"}
{"level":"\u001b[32minfo\u001b[39m","message":"Listening on port: 9000","service":"ecommerce-log-service"}
{"level":"\u001b[32minfo\u001b[39m","message":"Connected to DB: mongodb://localhost:27017/","service":"ecommerce-log-service"}
{"level":"\u001b[32minfo\u001b[39m","message":"Listening on port: 9000","service":"ecommerce-log-service"}
{"level":"\u001b[32minfo\u001b[39m","message":"Connected to DB: mongodb://localhost:27017/","service":"ecommerce-log-service"}
{"level":"\u001b[32minfo\u001b[39m","message":"Listening on port: 9000","service":"ecommerce-log-service"}
{"level":"\u001b[32minfo\u001b[39m","message":"Connected to DB: mongodb://localhost:27017/","service":"ecommerce-log-service"}
{"level":"\u001b[32minfo\u001b[39m","message":"Listening on port: 9000","service":"ecommerce-log-service"}
{"level":"\u001b[32minfo\u001b[39m","message":"Connected to DB: mongodb://localhost:27017/","service":"ecommerce-log-service"}
{"level":"\u001b[32minfo\u001b[39m","message":"Listening on port: 9000","service":"ecommerce-log-service"}
{"level":"\u001b[32minfo\u001b[39m","message":"Connected to DB: mongodb://localhost:27017/","service":"ecommerce-log-service"}
{"level":"\u001b[32minfo\u001b[39m","message":"Listening on port: 9000","service":"ecommerce-log-service"}
{"level":"\u001b[32minfo\u001b[39m","message":"Connected to DB: mongodb://localhost:27017/","service":"ecommerce-log-service"}
{"level":"\u001b[32minfo\u001b[39m","message":"Listening on port: 9000","service":"ecommerce-log-service"}
{"level":"\u001b[32minfo\u001b[39m","message":"Connected to DB: mongodb://localhost:27017/","service":"ecommerce-log-service"}
{"level":"\u001b[32minfo\u001b[39m","message":"Listening on port: 9000","service":"ecommerce-log-service"}
{"level":"\u001b[32minfo\u001b[39m","message":"Connected to DB: mongodb://localhost:27017/","service":"ecommerce-log-service"}
{"level":"\u001b[32minfo\u001b[39m","message":"Listening on port: 9000","service":"ecommerce-log-service"}
{"level":"\u001b[32minfo\u001b[39m","message":"Connected to DB: mongodb://localhost:27017/","service":"ecommerce-log-service"}
{"level":"\u001b[32minfo\u001b[39m","message":"Listening on port: 9000","service":"ecommerce-log-service"}
{"level":"\u001b[32minfo\u001b[39m","message":"Connected to DB: mongodb://localhost:27017/","service":"ecommerce-log-service"}
{"level":"\u001b[32minfo\u001b[39m","message":"Listening on port: 9000","service":"ecommerce-log-service"}
{"level":"\u001b[32minfo\u001b[39m","message":"Connected to DB: mongodb://localhost:27017/","service":"ecommerce-log-service"}
{"level":"\u001b[32minfo\u001b[39m","message":"Listening on port: 9000","service":"ecommerce-log-service"}
{"level":"\u001b[32minfo\u001b[39m","message":"Connected to DB: mongodb://localhost:27017/","service":"ecommerce-log-service"}
{"level":"\u001b[32minfo\u001b[39m","message":"Listening on port: 9000","service":"ecommerce-log-service"}
{"level":"\u001b[32minfo\u001b[39m","message":"Connected to DB: mongodb://localhost:27017/","service":"ecommerce-log-service"}
{"level":"\u001b[32minfo\u001b[39m","message":"Listening on port: 9000","service":"ecommerce-log-service"}
{"level":"\u001b[32minfo\u001b[39m","message":"Connected to DB: mongodb://localhost:27017/","service":"ecommerce-log-service"}
{"level":"\u001b[32minfo\u001b[39m","message":"Listening on port: 9000","service":"ecommerce-log-service"}
{"level":"\u001b[32minfo\u001b[39m","message":"Connected to DB: mongodb://localhost:27017/","service":"ecommerce-log-service"}
{"level":"\u001b[32minfo\u001b[39m","message":"Listening on port: 9000","service":"ecommerce-log-service"}
{"level":"\u001b[32minfo\u001b[39m","message":"Connected to DB: mongodb://localhost:27017/","service":"ecommerce-log-service"}
{"level":"\u001b[32minfo\u001b[39m","message":"Listening on port: 9000","service":"ecommerce-log-service"}
{"level":"\u001b[32minfo\u001b[39m","message":"Connected to DB: mongodb://localhost:27017/","service":"ecommerce-log-service"}
{"code":16410,"codeName":"Location16410","errorResponse":{"code":16410,"codeName":"Location16410","errmsg":"FieldPath field names may not start with '$'. Consider using $getField or $setField.","ok":0},"level":"\u001b[31merror\u001b[39m","ok":0,"service":"ecommerce-log-service"}
{"level":"\u001b[32minfo\u001b[39m","message":"Listening on port: 9000","service":"ecommerce-log-service"}
{"level":"\u001b[32minfo\u001b[39m","message":"Connected to DB: mongodb://localhost:27017/","service":"ecommerce-log-service"}
{"code":16410,"codeName":"Location16410","errorResponse":{"code":16410,"codeName":"Location16410","errmsg":"FieldPath field names may not start with '$'. Consider using $getField or $setField.","ok":0},"level":"\u001b[31merror\u001b[39m","ok":0,"service":"ecommerce-log-service"}
{"level":"\u001b[32minfo\u001b[39m","message":"Listening on port: 9000","service":"ecommerce-log-service"}
{"level":"\u001b[32minfo\u001b[39m","message":"Connected to DB: mongodb://localhost:27017/","service":"ecommerce-log-service"}
{"code":16410,"codeName":"Location16410","errorResponse":{"code":16410,"codeName":"Location16410","errmsg":"FieldPath field names may not start with '$'. Consider using $getField or $setField.","ok":0},"level":"\u001b[31merror\u001b[39m","ok":0,"service":"ecommerce-log-service"}
{"code":16410,"codeName":"Location16410","errorResponse":{"code":16410,"codeName":"Location16410","errmsg":"FieldPath field names may not start with '$'. Consider using $getField or $setField.","ok":0},"level":"\u001b[31merror\u001b[39m","ok":0,"service":"ecommerce-log-service"}
{"level":"\u001b[32minfo\u001b[39m","message":"Listening on port: 9000","service":"ecommerce-log-service"}
{"level":"\u001b[32minfo\u001b[39m","message":"Connected to DB: mongodb://localhost:27017/","service":"ecommerce-log-service"}
{"code":16410,"codeName":"Location16410","errorResponse":{"code":16410,"codeName":"Location16410","errmsg":"FieldPath field names may not start with '$'. Consider using $getField or $setField.","ok":0},"level":"\u001b[31merror\u001b[39m","ok":0,"service":"ecommerce-log-service"}
{"level":"\u001b[32minfo\u001b[39m","message":"Listening on port: 9000","service":"ecommerce-log-service"}
{"level":"\u001b[32minfo\u001b[39m","message":"Connected to DB: mongodb://localhost:27017/","service":"ecommerce-log-service"}
{"code":16410,"codeName":"Location16410","errorResponse":{"code":16410,"codeName":"Location16410","errmsg":"FieldPath field names may not start with '$'. Consider using $getField or $setField.","ok":0},"level":"\u001b[31merror\u001b[39m","ok":0,"service":"ecommerce-log-service"}
{"code":16410,"codeName":"Location16410","errorResponse":{"code":16410,"codeName":"Location16410","errmsg":"FieldPath field names may not start with '$'. Consider using $getField or $setField.","ok":0},"level":"\u001b[31merror\u001b[39m","ok":0,"service":"ecommerce-log-service"}
{"level":"\u001b[32minfo\u001b[39m","message":"Listening on port: 9000","service":"ecommerce-log-service"}
{"level":"\u001b[32minfo\u001b[39m","message":"Connected to DB: mongodb://localhost:27017/","service":"ecommerce-log-service"}
{"level":"\u001b[32minfo\u001b[39m","message":"Listening on port: 9000","service":"ecommerce-log-service"}
{"level":"\u001b[32minfo\u001b[39m","message":"Connected to DB: mongodb://localhost:27017/","service":"ecommerce-log-service"}
{"level":"\u001b[32minfo\u001b[39m","message":"Listening on port: 9000","service":"ecommerce-log-service"}
{"level":"\u001b[32minfo\u001b[39m","message":"Connected to DB: mongodb://localhost:27017/","service":"ecommerce-log-service"}
{"level":"\u001b[32minfo\u001b[39m","message":"Listening on port: 9000","service":"ecommerce-log-service"}
{"level":"\u001b[32minfo\u001b[39m","message":"Connected to DB: mongodb://localhost:27017/","service":"ecommerce-log-service"}
{"level":"\u001b[32minfo\u001b[39m","message":"Listening on port: 9000","service":"ecommerce-log-service"}
{"level":"\u001b[32minfo\u001b[39m","message":"Connected to DB: mongodb://localhost:27017/","service":"ecommerce-log-service"}
{"level":"\u001b[32minfo\u001b[39m","message":"Listening on port: 9000","service":"ecommerce-log-service"}
{"level":"\u001b[32minfo\u001b[39m","message":"Connected to DB: mongodb://localhost:27017/","service":"ecommerce-log-service"}
{"level":"\u001b[32minfo\u001b[39m","message":"Listening on port: 9000","service":"ecommerce-log-service"}
{"level":"\u001b[32minfo\u001b[39m","message":"Connected to DB: mongodb://localhost:27017/","service":"ecommerce-log-service"}
{"level":"\u001b[32minfo\u001b[39m","message":"Listening on port: 9000","service":"ecommerce-log-service"}
{"level":"\u001b[32minfo\u001b[39m","message":"Connected to DB: mongodb://localhost:27017/","service":"ecommerce-log-service"}
{"level":"\u001b[32minfo\u001b[39m","message":"Listening on port: 9000","service":"ecommerce-log-service"}
{"level":"\u001b[32minfo\u001b[39m","message":"Connected to DB: mongodb://localhost:27017/","service":"ecommerce-log-service"}
{"level":"\u001b[32minfo\u001b[39m","message":"Listening on port: 9000","service":"ecommerce-log-service"}
{"level":"\u001b[32minfo\u001b[39m","message":"Connected to DB: mongodb://localhost:27017/","service":"ecommerce-log-service"}
{"level":"\u001b[32minfo\u001b[39m","message":"Listening on port: 9000","service":"ecommerce-log-service"}
{"level":"\u001b[32minfo\u001b[39m","message":"Connected to DB: mongodb://localhost:27017/","service":"ecommerce-log-service"}
{"level":"\u001b[32minfo\u001b[39m","message":"Listening on port: 9000","service":"ecommerce-log-service"}
{"level":"\u001b[32minfo\u001b[39m","message":"Connected to DB: mongodb://localhost:27017/","service":"ecommerce-log-service"}
{"level":"\u001b[32minfo\u001b[39m","message":"Listening on port: 9000","service":"ecommerce-log-service"}
{"level":"\u001b[32minfo\u001b[39m","message":"Connected to DB: mongodb://localhost:27017/","service":"ecommerce-log-service"}
{"level":"\u001b[32minfo\u001b[39m","message":"Listening on port: 9000","service":"ecommerce-log-service"}
{"level":"\u001b[32minfo\u001b[39m","message":"Connected to DB: mongodb://localhost:27017/","service":"ecommerce-log-service"}
{"level":"\u001b[32minfo\u001b[39m","message":"Listening on port: 9000","service":"ecommerce-log-service"}
{"level":"\u001b[32minfo\u001b[39m","message":"Connected to DB: mongodb://localhost:27017/","service":"ecommerce-log-service"}
{"level":"\u001b[32minfo\u001b[39m","message":"Listening on port: 9000","service":"ecommerce-log-service"}
{"level":"\u001b[32minfo\u001b[39m","message":"Connected to DB: mongodb://localhost:27017/","service":"ecommerce-log-service"}
{"level":"\u001b[32minfo\u001b[39m","message":"Listening on port: 9000","service":"ecommerce-log-service"}
{"level":"\u001b[32minfo\u001b[39m","message":"Connected to DB: mongodb://localhost:27017/","service":"ecommerce-log-service"}
{"level":"\u001b[32minfo\u001b[39m","message":"Listening on port: 9000","service":"ecommerce-log-service"}
{"level":"\u001b[32minfo\u001b[39m","message":"Connected to DB: mongodb://localhost:27017/","service":"ecommerce-log-service"}
{"level":"\u001b[32minfo\u001b[39m","message":"Listening on port: 9000","service":"ecommerce-log-service"}
{"level":"\u001b[32minfo\u001b[39m","message":"Connected to DB: mongodb://localhost:27017/","service":"ecommerce-log-service"}
{"level":"\u001b[32minfo\u001b[39m","message":"Listening on port: 9000","service":"ecommerce-log-service"}
{"level":"\u001b[32minfo\u001b[39m","message":"Connected to DB: mongodb://localhost:27017/","service":"ecommerce-log-service"}
{"level":"\u001b[32minfo\u001b[39m","message":"Listening on port: 9000","service":"ecommerce-log-service"}
{"level":"\u001b[32minfo\u001b[39m","message":"Connected to DB: mongodb://localhost:27017/","service":"ecommerce-log-service"}
{"level":"\u001b[32minfo\u001b[39m","message":"Listening on port: 9000","service":"ecommerce-log-service"}
{"level":"\u001b[32minfo\u001b[39m","message":"Connected to DB: mongodb://localhost:27017/","service":"ecommerce-log-service"}
{"level":"\u001b[32minfo\u001b[39m","message":"Listening on port: 9000","service":"ecommerce-log-service"}
{"level":"\u001b[32minfo\u001b[39m","message":"Connected to DB: mongodb://localhost:27017/","service":"ecommerce-log-service"}
{"level":"\u001b[32minfo\u001b[39m","message":"Listening on port: 9000","service":"ecommerce-log-service"}
{"level":"\u001b[32minfo\u001b[39m","message":"Connected to DB: mongodb://localhost:27017/","service":"ecommerce-log-service"}
{"level":"\u001b[32minfo\u001b[39m","message":"Listening on port: 9000","service":"ecommerce-log-service"}
{"level":"\u001b[32minfo\u001b[39m","message":"Connected to DB: mongodb://localhost:27017/","service":"ecommerce-log-service"}
{"level":"\u001b[32minfo\u001b[39m","message":"Listening on port: 9000","service":"ecommerce-log-service"}
{"level":"\u001b[32minfo\u001b[39m","message":"Connected to DB: mongodb://localhost:27017/","service":"ecommerce-log-service"}
{"code":2,"codeName":"BadValue","errorResponse":{"code":2,"codeName":"BadValue","errmsg":"Plan executor error during findAndModify :: caused by :: The positional operator did not find the match needed from the query.","ok":0},"level":"\u001b[31merror\u001b[39m","ok":0,"service":"ecommerce-log-service"}
{"level":"\u001b[32minfo\u001b[39m","message":"Listening on port: 9000","service":"ecommerce-log-service"}
{"level":"\u001b[32minfo\u001b[39m","message":"Connected to DB: mongodb://localhost:27017/","service":"ecommerce-log-service"}
{"level":"\u001b[32minfo\u001b[39m","message":"Listening on port: 9000","service":"ecommerce-log-service"}
{"level":"\u001b[32minfo\u001b[39m","message":"Connected to DB: mongodb://localhost:27017/","service":"ecommerce-log-service"}
{"level":"\u001b[32minfo\u001b[39m","message":"Listening on port: 9000","service":"ecommerce-log-service"}
{"level":"\u001b[32minfo\u001b[39m","message":"Connected to DB: mongodb://localhost:27017/","service":"ecommerce-log-service"}
{"level":"\u001b[32minfo\u001b[39m","message":"Listening on port: 9000","service":"ecommerce-log-service"}
{"level":"\u001b[32minfo\u001b[39m","message":"Connected to DB: mongodb://localhost:27017/","service":"ecommerce-log-service"}
{"level":"\u001b[32minfo\u001b[39m","message":"Listening on port: 9000","service":"ecommerce-log-service"}
{"level":"\u001b[32minfo\u001b[39m","message":"Connected to DB: mongodb://localhost:27017/","service":"ecommerce-log-service"}
{"level":"\u001b[32minfo\u001b[39m","message":"Listening on port: 9000","service":"ecommerce-log-service"}
{"level":"\u001b[32minfo\u001b[39m","message":"Connected to DB: mongodb://localhost:27017/","service":"ecommerce-log-service"}
{"level":"\u001b[32minfo\u001b[39m","message":"Listening on port: 9000","service":"ecommerce-log-service"}
{"level":"\u001b[32minfo\u001b[39m","message":"Connected to DB: mongodb://localhost:27017/","service":"ecommerce-log-service"}
{"level":"\u001b[32minfo\u001b[39m","message":"Listening on port: 9000","service":"ecommerce-log-service"}
{"level":"\u001b[32minfo\u001b[39m","message":"Connected to DB: mongodb://localhost:27017/","service":"ecommerce-log-service"}
{"level":"\u001b[32minfo\u001b[39m","message":"Listening on port: 9000","service":"ecommerce-log-service"}
{"level":"\u001b[32minfo\u001b[39m","message":"Connected to DB: mongodb://localhost:27017/","service":"ecommerce-log-service"}
{"level":"\u001b[32minfo\u001b[39m","message":"Listening on port: 9000","service":"ecommerce-log-service"}
{"level":"\u001b[32minfo\u001b[39m","message":"Connected to DB: mongodb://localhost:27017/","service":"ecommerce-log-service"}
{"level":"\u001b[32minfo\u001b[39m","message":"Listening on port: 9000","service":"ecommerce-log-service"}
{"level":"\u001b[32minfo\u001b[39m","message":"Connected to DB: mongodb://localhost:27017/","service":"ecommerce-log-service"}
{"level":"\u001b[32minfo\u001b[39m","message":"Listening on port: 9000","service":"ecommerce-log-service"}
{"level":"\u001b[32minfo\u001b[39m","message":"Connected to DB: mongodb://localhost:27017/","service":"ecommerce-log-service"}
{"level":"\u001b[32minfo\u001b[39m","message":"Listening on port: 9000","service":"ecommerce-log-service"}
{"level":"\u001b[32minfo\u001b[39m","message":"Connected to DB: mongodb://localhost:27017/","service":"ecommerce-log-service"}
{"level":"\u001b[32minfo\u001b[39m","message":"Listening on port: 9000","service":"ecommerce-log-service"}
{"level":"\u001b[32minfo\u001b[39m","message":"Connected to DB: mongodb://localhost:27017/","service":"ecommerce-log-service"}
{"level":"\u001b[32minfo\u001b[39m","message":"Listening on port: 9000","service":"ecommerce-log-service"}
{"level":"\u001b[32minfo\u001b[39m","message":"Connected to DB: mongodb://localhost:27017/","service":"ecommerce-log-service"}
{"level":"\u001b[32minfo\u001b[39m","message":"Listening on port: 9000","service":"ecommerce-log-service"}
{"level":"\u001b[32minfo\u001b[39m","message":"Connected to DB: mongodb://localhost:27017/","service":"ecommerce-log-service"}
{"level":"\u001b[32minfo\u001b[39m","message":"Listening on port: 9000","service":"ecommerce-log-service"}
{"level":"\u001b[32minfo\u001b[39m","message":"Connected to DB: mongodb://localhost:27017/","service":"ecommerce-log-service"}
{"code":11000,"errorResponse":{"code":11000,"errmsg":"E11000 duplicate key error collection: test.users index: email_1 dup key: { email: \"marcel.chukwuma00@gmail.com\" }","index":0,"keyPattern":{"email":1},"keyValue":{"email":"marcel.chukwuma00@gmail.com"}},"index":0,"keyPattern":{"email":1},"keyValue":{"email":"marcel.chukwuma00@gmail.com"},"level":"\u001b[31merror\u001b[39m","service":"ecommerce-log-service"}
{"level":"\u001b[32minfo\u001b[39m","message":"Listening on port: 9000","service":"ecommerce-log-service"}
{"level":"\u001b[32minfo\u001b[39m","message":"Connected to DB: mongodb://localhost:27017/","service":"ecommerce-log-service"}
{"code":11000,"errorResponse":{"code":11000,"errmsg":"E11000 duplicate key error collection: test.users index: email_1 dup key: { email: \"marcel.chukwuma00@gmail.com\" }","index":0,"keyPattern":{"email":1},"keyValue":{"email":"marcel.chukwuma00@gmail.com"}},"index":0,"keyPattern":{"email":1},"keyValue":{"email":"marcel.chukwuma00@gmail.com"},"level":"\u001b[31merror\u001b[39m","service":"ecommerce-log-service"}
{"level":"\u001b[32minfo\u001b[39m","message":"Listening on port: 9000","service":"ecommerce-log-service"}
{"level":"\u001b[32minfo\u001b[39m","message":"Connected to DB: mongodb://localhost:27017/","service":"ecommerce-log-service"}
{"code":11000,"errorResponse":{"code":11000,"errmsg":"E11000 duplicate key error collection: test.users index: email_1 dup key: { email: \"marcel.chukwuma00@gmail.com\" }","index":0,"keyPattern":{"email":1},"keyValue":{"email":"marcel.chukwuma00@gmail.com"}},"index":0,"keyPattern":{"email":1},"keyValue":{"email":"marcel.chukwuma00@gmail.com"},"level":"\u001b[31merror\u001b[39m","service":"ecommerce-log-service"}
{"level":"\u001b[32minfo\u001b[39m","message":"Listening on port: 9000","service":"ecommerce-log-service"}
{"level":"\u001b[32minfo\u001b[39m","message":"Connected to DB: mongodb://localhost:27017/","service":"ecommerce-log-service"}
{"code":11000,"errorResponse":{"code":11000,"errmsg":"E11000 duplicate key error collection: test.users index: email_1 dup key: { email: \"marcel.chukwuma00@gmail.com\" }","index":0,"keyPattern":{"email":1},"keyValue":{"email":"marcel.chukwuma00@gmail.com"}},"index":0,"keyPattern":{"email":1},"keyValue":{"email":"marcel.chukwuma00@gmail.com"},"level":"\u001b[31merror\u001b[39m","service":"ecommerce-log-service"}
{"level":"\u001b[32minfo\u001b[39m","message":"Listening on port: 9000","service":"ecommerce-log-service"}
{"level":"\u001b[32minfo\u001b[39m","message":"Connected to DB: mongodb://localhost:27017/","service":"ecommerce-log-service"}
{"code":11000,"errorResponse":{"code":11000,"errmsg":"E11000 duplicate key error collection: test.users index: email_1 dup key: { email: \"marcel.chukwuma00@gmail.com\" }","index":0,"keyPattern":{"email":1},"keyValue":{"email":"marcel.chukwuma00@gmail.com"}},"index":0,"keyPattern":{"email":1},"keyValue":{"email":"marcel.chukwuma00@gmail.com"},"level":"\u001b[31merror\u001b[39m","service":"ecommerce-log-service"}
{"code":11000,"errorResponse":{"code":11000,"errmsg":"E11000 duplicate key error collection: test.users index: email_1 dup key: { email: \"marcel.chukwuma00@gmail.com\" }","index":0,"keyPattern":{"email":1},"keyValue":{"email":"marcel.chukwuma00@gmail.com"}},"index":0,"keyPattern":{"email":1},"keyValue":{"email":"marcel.chukwuma00@gmail.com"},"level":"\u001b[31merror\u001b[39m","service":"ecommerce-log-service"}
{"level":"\u001b[32minfo\u001b[39m","message":"Listening on port: 9000","service":"ecommerce-log-service"}
{"level":"\u001b[32minfo\u001b[39m","message":"Connected to DB: mongodb://localhost:27017/","service":"ecommerce-log-service"}
{"level":"\u001b[32minfo\u001b[39m","message":"Listening on port: 9000","service":"ecommerce-log-service"}
{"level":"\u001b[32minfo\u001b[39m","message":"Connected to DB: mongodb://localhost:27017/","service":"ecommerce-log-service"}
{"code":2,"codeName":"BadValue","errorResponse":{"code":2,"codeName":"BadValue","errmsg":"unknown top level operator: $user.email. If you have a field name that starts with a '$' symbol, consider using $getField or $setField.","ok":0},"level":"\u001b[31merror\u001b[39m","ok":0,"service":"ecommerce-log-service"}
{"level":"\u001b[32minfo\u001b[39m","message":"Listening on port: 9000","service":"ecommerce-log-service"}
{"level":"\u001b[32minfo\u001b[39m","message":"Connected to DB: mongodb://localhost:27017/","service":"ecommerce-log-service"}
{"code":11000,"errorResponse":{"code":11000,"errmsg":"E11000 duplicate key error collection: test.users index: email_1 dup key: { email: \"marcel.chukwuma00@gmail.com\" }","index":0,"keyPattern":{"email":1},"keyValue":{"email":"marcel.chukwuma00@gmail.com"}},"index":0,"keyPattern":{"email":1},"keyValue":{"email":"marcel.chukwuma00@gmail.com"},"level":"\u001b[31merror\u001b[39m","service":"ecommerce-log-service"}
{"level":"\u001b[32minfo\u001b[39m","message":"Listening on port: 9000","service":"ecommerce-log-service"}
{"level":"\u001b[32minfo\u001b[39m","message":"Connected to DB: mongodb://localhost:27017/","service":"ecommerce-log-service"}
{"code":11000,"errorResponse":{"code":11000,"errmsg":"E11000 duplicate key error collection: test.users index: email_1 dup key: { email: \"marcel.chukwuma00@gmail.com\" }","index":0,"keyPattern":{"email":1},"keyValue":{"email":"marcel.chukwuma00@gmail.com"}},"index":0,"keyPattern":{"email":1},"keyValue":{"email":"marcel.chukwuma00@gmail.com"},"level":"\u001b[31merror\u001b[39m","service":"ecommerce-log-service"}
{"code":11000,"errorResponse":{"code":11000,"errmsg":"E11000 duplicate key error collection: test.users index: email_1 dup key: { email: \"marcel.chukwuma00@gmail.com\" }","index":0,"keyPattern":{"email":1},"keyValue":{"email":"marcel.chukwuma00@gmail.com"}},"index":0,"keyPattern":{"email":1},"keyValue":{"email":"marcel.chukwuma00@gmail.com"},"level":"\u001b[31merror\u001b[39m","service":"ecommerce-log-service"}
{"level":"\u001b[32minfo\u001b[39m","message":"Listening on port: 9000","service":"ecommerce-log-service"}
{"level":"\u001b[32minfo\u001b[39m","message":"Connected to DB: mongodb://localhost:27017/","service":"ecommerce-log-service"}
{"code":11000,"errorResponse":{"code":11000,"errmsg":"E11000 duplicate key error collection: test.users index: email_1 dup key: { email: \"marcel.chukwuma00@gmail.com\" }","index":0,"keyPattern":{"email":1},"keyValue":{"email":"marcel.chukwuma00@gmail.com"}},"index":0,"keyPattern":{"email":1},"keyValue":{"email":"marcel.chukwuma00@gmail.com"},"level":"\u001b[31merror\u001b[39m","service":"ecommerce-log-service"}
{"level":"\u001b[32minfo\u001b[39m","message":"Listening on port: 9000","service":"ecommerce-log-service"}
{"level":"\u001b[32minfo\u001b[39m","message":"Connected to DB: mongodb://localhost:27017/","service":"ecommerce-log-service"}
{"code":11000,"errorResponse":{"code":11000,"errmsg":"E11000 duplicate key error collection: test.users index: email_1 dup key: { email: \"marcel.chukwuma00@gmail.com\" }","index":0,"keyPattern":{"email":1},"keyValue":{"email":"marcel.chukwuma00@gmail.com"}},"index":0,"keyPattern":{"email":1},"keyValue":{"email":"marcel.chukwuma00@gmail.com"},"level":"\u001b[31merror\u001b[39m","service":"ecommerce-log-service"}
{"level":"\u001b[32minfo\u001b[39m","message":"Listening on port: 9000","service":"ecommerce-log-service"}
{"level":"\u001b[32minfo\u001b[39m","message":"Connected to DB: mongodb://localhost:27017/","service":"ecommerce-log-service"}
{"level":"\u001b[32minfo\u001b[39m","message":"Listening on port: 9000","service":"ecommerce-log-service"}
{"level":"\u001b[32minfo\u001b[39m","message":"Connected to DB: mongodb://localhost:27017/","service":"ecommerce-log-service"}
{"level":"\u001b[32minfo\u001b[39m","message":"Listening on port: 9000","service":"ecommerce-log-service"}
{"level":"\u001b[32minfo\u001b[39m","message":"Connected to DB: mongodb://localhost:27017/","service":"ecommerce-log-service"}
{"level":"\u001b[32minfo\u001b[39m","message":"Listening on port: 9000","service":"ecommerce-log-service"}
{"level":"\u001b[32minfo\u001b[39m","message":"Connected to DB: mongodb://localhost:27017/","service":"ecommerce-log-service"}
{"level":"\u001b[32minfo\u001b[39m","message":"Listening on port: 9000","service":"ecommerce-log-service"}
{"level":"\u001b[32minfo\u001b[39m","message":"Connected to DB: mongodb://localhost:27017/","service":"ecommerce-log-service"}
{"level":"\u001b[32minfo\u001b[39m","message":"Listening on port: 9000","service":"ecommerce-log-service"}
{"level":"\u001b[32minfo\u001b[39m","message":"Connected to DB: mongodb://localhost:27017/","service":"ecommerce-log-service"}
{"level":"\u001b[32minfo\u001b[39m","message":"Listening on port: 9000","service":"ecommerce-log-service"}
{"level":"\u001b[32minfo\u001b[39m","message":"Connected to DB: mongodb://localhost:27017/","service":"ecommerce-log-service"}
{"level":"\u001b[32minfo\u001b[39m","message":"Listening on port: 9000","service":"ecommerce-log-service"}
{"level":"\u001b[32minfo\u001b[39m","message":"Connected to DB: mongodb://localhost:27017/","service":"ecommerce-log-service"}
{"level":"\u001b[32minfo\u001b[39m","message":"Listening on port: 9000","service":"ecommerce-log-service"}
{"level":"\u001b[32minfo\u001b[39m","message":"Connected to DB: mongodb://localhost:27017/","service":"ecommerce-log-service"}
{"level":"\u001b[32minfo\u001b[39m","message":"Listening on port: 9000","service":"ecommerce-log-service"}
{"level":"\u001b[32minfo\u001b[39m","message":"Connected to DB: mongodb://localhost:27017/","service":"ecommerce-log-service"}
{"level":"\u001b[32minfo\u001b[39m","message":"Listening on port: 9000","service":"ecommerce-log-service"}
{"level":"\u001b[32minfo\u001b[39m","message":"Connected to DB: mongodb://localhost:27017/","service":"ecommerce-log-service"}
{"level":"\u001b[32minfo\u001b[39m","message":"Listening on port: 9000","service":"ecommerce-log-service"}
{"level":"\u001b[32minfo\u001b[39m","message":"Connected to DB: mongodb://localhost:27017/","service":"ecommerce-log-service"}
{"level":"\u001b[32minfo\u001b[39m","message":"Listening on port: 9000","service":"ecommerce-log-service"}
{"level":"\u001b[32minfo\u001b[39m","message":"Connected to DB: mongodb://localhost:27017/","service":"ecommerce-log-service"}
{"level":"\u001b[32minfo\u001b[39m","message":"Listening on port: 9000","service":"ecommerce-log-service"}
{"level":"\u001b[32minfo\u001b[39m","message":"Connected to DB: mongodb://localhost:27017/","service":"ecommerce-log-service"}
{"level":"\u001b[32minfo\u001b[39m","message":"Listening on port: 9000","service":"ecommerce-log-service"}
{"level":"\u001b[32minfo\u001b[39m","message":"Connected to DB: mongodb://localhost:27017/","service":"ecommerce-log-service"}
{"level":"\u001b[32minfo\u001b[39m","message":"Listening on port: 9000","service":"ecommerce-log-service"}
{"level":"\u001b[32minfo\u001b[39m","message":"Connected to DB: mongodb://localhost:27017/","service":"ecommerce-log-service"}
{"level":"\u001b[32minfo\u001b[39m","message":"Listening on port: 9000","service":"ecommerce-log-service"}
{"level":"\u001b[32minfo\u001b[39m","message":"Connected to DB: mongodb://localhost:27017/","service":"ecommerce-log-service"}
{"level":"\u001b[32minfo\u001b[39m","message":"Listening on port: 9000","service":"ecommerce-log-service"}
{"level":"\u001b[32minfo\u001b[39m","message":"Connected to DB: mongodb://localhost:27017/","service":"ecommerce-log-service"}
{"level":"\u001b[32minfo\u001b[39m","message":"Listening on port: 9000","service":"ecommerce-log-service"}
{"level":"\u001b[32minfo\u001b[39m","message":"Connected to DB: mongodb://localhost:27017/","service":"ecommerce-log-service"}
{"level":"\u001b[32minfo\u001b[39m","message":"Listening on port: 9000","service":"ecommerce-log-service"}
{"level":"\u001b[32minfo\u001b[39m","message":"Connected to DB: mongodb://localhost:27017/","service":"ecommerce-log-service"}
{"level":"\u001b[32minfo\u001b[39m","message":"Listening on port: 9000","service":"ecommerce-log-service"}
{"level":"\u001b[32minfo\u001b[39m","message":"Connected to DB: mongodb://localhost:27017/","service":"ecommerce-log-service"}
{"level":"\u001b[32minfo\u001b[39m","message":"Listening on port: 9000","service":"ecommerce-log-service"}
{"level":"\u001b[32minfo\u001b[39m","message":"Connected to DB: mongodb://localhost:27017/","service":"ecommerce-log-service"}
{"level":"\u001b[32minfo\u001b[39m","message":"Listening on port: 9000","service":"ecommerce-log-service"}
{"level":"\u001b[32minfo\u001b[39m","message":"Connected to DB: mongodb://localhost:27017/","service":"ecommerce-log-service"}
{"level":"\u001b[32minfo\u001b[39m","message":"Listening on port: 9000","service":"ecommerce-log-service"}
{"level":"\u001b[32minfo\u001b[39m","message":"Connected to DB: mongodb://localhost:27017/","service":"ecommerce-log-service"}
{"level":"\u001b[32minfo\u001b[39m","message":"Listening on port: 9000","service":"ecommerce-log-service"}
{"level":"\u001b[32minfo\u001b[39m","message":"Connected to DB: mongodb://localhost:27017/","service":"ecommerce-log-service"}
{"level":"\u001b[32minfo\u001b[39m","message":"Listening on port: 9000","service":"ecommerce-log-service"}
{"level":"\u001b[32minfo\u001b[39m","message":"Connected to DB: mongodb://localhost:27017/","service":"ecommerce-log-service"}
{"level":"\u001b[32minfo\u001b[39m","message":"Listening on port: 9000","service":"ecommerce-log-service"}
{"level":"\u001b[32minfo\u001b[39m","message":"Connected to DB: mongodb://localhost:27017/","service":"ecommerce-log-service"}
{"level":"\u001b[32minfo\u001b[39m","message":"Listening on port: 9000","service":"ecommerce-log-service"}
{"level":"\u001b[32minfo\u001b[39m","message":"Connected to DB: mongodb://localhost:27017/","service":"ecommerce-log-service"}
{"level":"\u001b[32minfo\u001b[39m","message":"Listening on port: 9000","service":"ecommerce-log-service"}
{"level":"\u001b[32minfo\u001b[39m","message":"Connected to DB: mongodb://localhost:27017/","service":"ecommerce-log-service"}
{"level":"\u001b[32minfo\u001b[39m","message":"Listening on port: 9000","service":"ecommerce-log-service"}
{"level":"\u001b[32minfo\u001b[39m","message":"Connected to DB: mongodb://localhost:27017/","service":"ecommerce-log-service"}
{"level":"\u001b[32minfo\u001b[39m","message":"Listening on port: 9000","service":"ecommerce-log-service"}
{"level":"\u001b[32minfo\u001b[39m","message":"Connected to DB: mongodb://localhost:27017/","service":"ecommerce-log-service"}
{"level":"\u001b[32minfo\u001b[39m","message":"Listening on port: 9000","service":"ecommerce-log-service"}
{"level":"\u001b[32minfo\u001b[39m","message":"Connected to DB: mongodb://localhost:27017/","service":"ecommerce-log-service"}
{"level":"\u001b[32minfo\u001b[39m","message":"Listening on port: 9000","service":"ecommerce-log-service"}
{"level":"\u001b[32minfo\u001b[39m","message":"Connected to DB: mongodb://localhost:27017/","service":"ecommerce-log-service"}
{"level":"\u001b[32minfo\u001b[39m","message":"Listening on port: 9000","service":"ecommerce-log-service"}
{"level":"\u001b[32minfo\u001b[39m","message":"Connected to DB: mongodb://localhost:27017/","service":"ecommerce-log-service"}
{"level":"\u001b[32minfo\u001b[39m","message":"Listening on port: 9000","service":"ecommerce-log-service"}
{"level":"\u001b[32minfo\u001b[39m","message":"Connected to DB: mongodb://localhost:27017/","service":"ecommerce-log-service"}
{"level":"\u001b[32minfo\u001b[39m","message":"Listening on port: 9000","service":"ecommerce-log-service"}
{"level":"\u001b[32minfo\u001b[39m","message":"Connected to DB: mongodb://localhost:27017/","service":"ecommerce-log-service"}
{"code":11000,"errorResponse":{"code":11000,"errmsg":"E11000 duplicate key error collection: test.drivers index: profile.personalInformation.vehicleLicensePlate_1 dup key: { profile.personalInformation.vehicleLicensePlate: null }","index":0,"keyPattern":{"profile.personalInformation.vehicleLicensePlate":1},"keyValue":{"profile.personalInformation.vehicleLicensePlate":null}},"index":0,"keyPattern":{"profile.personalInformation.vehicleLicensePlate":1},"keyValue":{"profile.personalInformation.vehicleLicensePlate":null},"level":"\u001b[31merror\u001b[39m","service":"ecommerce-log-service"}
{"level":"\u001b[32minfo\u001b[39m","message":"Listening on port: 9000","service":"ecommerce-log-service"}
{"level":"\u001b[32minfo\u001b[39m","message":"Connected to DB: mongodb://localhost:27017/","service":"ecommerce-log-service"}
{"code":11000,"errorResponse":{"code":11000,"errmsg":"E11000 duplicate key error collection: test.users index: email_1 dup key: { email: \"jeff@gmail.con\" }","index":0,"keyPattern":{"email":1},"keyValue":{"email":"jeff@gmail.con"}},"index":0,"keyPattern":{"email":1},"keyValue":{"email":"jeff@gmail.con"},"level":"\u001b[31merror\u001b[39m","service":"ecommerce-log-service"}
{"code":11000,"errorResponse":{"code":11000,"errmsg":"E11000 duplicate key error collection: test.drivers index: profile.personalInformation.vehicleLicensePlate_1 dup key: { profile.personalInformation.vehicleLicensePlate: null }","index":0,"keyPattern":{"profile.personalInformation.vehicleLicensePlate":1},"keyValue":{"profile.personalInformation.vehicleLicensePlate":null}},"index":0,"keyPattern":{"profile.personalInformation.vehicleLicensePlate":1},"keyValue":{"profile.personalInformation.vehicleLicensePlate":null},"level":"\u001b[31merror\u001b[39m","service":"ecommerce-log-service"}
{"level":"\u001b[32minfo\u001b[39m","message":"Listening on port: 9000","service":"ecommerce-log-service"}
{"level":"\u001b[32minfo\u001b[39m","message":"Connected to DB: mongodb://localhost:27017/","service":"ecommerce-log-service"}
{"code":11000,"errorResponse":{"code":11000,"errmsg":"E11000 duplicate key error collection: test.users index: email_1 dup key: { email: \"jeff@gmail.con\" }","index":0,"keyPattern":{"email":1},"keyValue":{"email":"jeff@gmail.con"}},"index":0,"keyPattern":{"email":1},"keyValue":{"email":"jeff@gmail.con"},"level":"\u001b[31merror\u001b[39m","service":"ecommerce-log-service"}
{"code":11000,"errorResponse":{"code":11000,"errmsg":"E11000 duplicate key error collection: test.drivers index: profile.personalInformation.vehicleLicensePlate_1 dup key: { profile.personalInformation.vehicleLicensePlate: null }","index":0,"keyPattern":{"profile.personalInformation.vehicleLicensePlate":1},"keyValue":{"profile.personalInformation.vehicleLicensePlate":null}},"index":0,"keyPattern":{"profile.personalInformation.vehicleLicensePlate":1},"keyValue":{"profile.personalInformation.vehicleLicensePlate":null},"level":"\u001b[31merror\u001b[39m","service":"ecommerce-log-service"}
{"level":"\u001b[32minfo\u001b[39m","message":"Listening on port: 9000","service":"ecommerce-log-service"}
{"level":"\u001b[32minfo\u001b[39m","message":"Connected to DB: mongodb://localhost:27017/","service":"ecommerce-log-service"}
{"level":"\u001b[32minfo\u001b[39m","message":"Listening on port: 9000","service":"ecommerce-log-service"}
{"level":"\u001b[32minfo\u001b[39m","message":"Connected to DB: mongodb://localhost:27017/","service":"ecommerce-log-service"}
{"level":"\u001b[32minfo\u001b[39m","message":"Listening on port: 9000","service":"ecommerce-log-service"}
{"level":"\u001b[32minfo\u001b[39m","message":"Connected to DB: mongodb://localhost:27017/","service":"ecommerce-log-service"}
{"level":"\u001b[32minfo\u001b[39m","message":"Listening on port: 9000","service":"ecommerce-log-service"}
{"level":"\u001b[32minfo\u001b[39m","message":"Connected to DB: mongodb://localhost:27017/","service":"ecommerce-log-service"}
{"level":"\u001b[32minfo\u001b[39m","message":"Listening on port: 9000","service":"ecommerce-log-service"}
{"level":"\u001b[32minfo\u001b[39m","message":"Connected to DB: mongodb://localhost:27017/","service":"ecommerce-log-service"}
{"level":"\u001b[32minfo\u001b[39m","message":"Listening on port: 9000","service":"ecommerce-log-service"}
{"level":"\u001b[32minfo\u001b[39m","message":"Connected to DB: mongodb://localhost:27017/","service":"ecommerce-log-service"}
{"level":"\u001b[32minfo\u001b[39m","message":"Listening on port: 9000","service":"ecommerce-log-service"}
{"level":"\u001b[32minfo\u001b[39m","message":"Connected to DB: mongodb://localhost:27017/","service":"ecommerce-log-service"}
{"level":"\u001b[32minfo\u001b[39m","message":"Listening on port: 9000","service":"ecommerce-log-service"}
{"level":"\u001b[32minfo\u001b[39m","message":"Connected to DB: mongodb://localhost:27017/","service":"ecommerce-log-service"}
{"level":"\u001b[32minfo\u001b[39m","message":"Listening on port: 9000","service":"ecommerce-log-service"}
{"level":"\u001b[32minfo\u001b[39m","message":"Connected to DB: mongodb://localhost:27017/","service":"ecommerce-log-service"}
{"level":"\u001b[32minfo\u001b[39m","message":"Listening on port: 9000","service":"ecommerce-log-service"}
{"level":"\u001b[32minfo\u001b[39m","message":"Connected to DB: mongodb://localhost:27017/","service":"ecommerce-log-service"}
{"level":"\u001b[32minfo\u001b[39m","message":"Listening on port: 9000","service":"ecommerce-log-service"}
{"level":"\u001b[32minfo\u001b[39m","message":"Connected to DB: mongodb://localhost:27017/","service":"ecommerce-log-service"}
{"level":"\u001b[32minfo\u001b[39m","message":"Listening on port: 9000","service":"ecommerce-log-service"}
{"level":"\u001b[32minfo\u001b[39m","message":"Connected to DB: mongodb://localhost:27017/","service":"ecommerce-log-service"}
{"level":"\u001b[32minfo\u001b[39m","message":"Listening on port: 9000","service":"ecommerce-log-service"}
{"level":"\u001b[32minfo\u001b[39m","message":"Connected to DB: mongodb://localhost:27017/","service":"ecommerce-log-service"}
{"level":"\u001b[32minfo\u001b[39m","message":"Listening on port: 9000","service":"ecommerce-log-service"}
{"level":"\u001b[32minfo\u001b[39m","message":"Connected to DB: mongodb://localhost:27017/","service":"ecommerce-log-service"}
{"level":"\u001b[32minfo\u001b[39m","message":"Listening on port: 9000","service":"ecommerce-log-service"}
{"level":"\u001b[32minfo\u001b[39m","message":"Connected to DB: mongodb://localhost:27017/","service":"ecommerce-log-service"}
{"code":"ERR_BAD_REQUEST","config":{"adapter":["xhr","http","fetch"],"data":"{\"state\":\"Lagos\",\"country\":\"Nigeria\"}","env":{},"headers":{"Accept":"application/json, text/plain, */*","Accept-Encoding":"gzip, compress, deflate, br","Content-Length":"37","Content-Type":"application/json","User-Agent":"axios/1.7.9"},"maxBodyLength":-1,"maxContentLength":-1,"method":"post","timeout":0,"transformRequest":[null],"transformResponse":[null],"transitional":{"clarifyTimeoutError":false,"forcedJSONParsing":true,"silentJSONParsing":true},"url":"https://countriesnow.space/api/v0.1/countries/state/cities","xsrfCookieName":"XSRF-TOKEN","xsrfHeaderName":"X-XSRF-TOKEN"},"message":"Request failed with status code 404","name":"AxiosError","stack":"AxiosError: Request failed with status code 404\n    at settle (/Users/devs/personal-devs/clickride-backend/node_modules/axios/lib/core/settle.js:19:12)\n    at IncomingMessage.handleStreamEnd (/Users/devs/personal-devs/clickride-backend/node_modules/axios/lib/adapters/http.js:599:11)\n    at IncomingMessage.emit (node:events:531:35)\n    at IncomingMessage.emit (node:domain:488:12)\n    at endReadableNT (node:internal/streams/readable:1698:12)\n    at processTicksAndRejections (node:internal/process/task_queues:90:21)\n    at Axios.request (/Users/devs/personal-devs/clickride-backend/node_modules/axios/lib/core/Axios.js:45:41)\n    at processTicksAndRejections (node:internal/process/task_queues:105:5)","status":404}
{"level":"\u001b[32minfo\u001b[39m","message":"Listening on port: 9000","service":"ecommerce-log-service"}
{"level":"\u001b[32minfo\u001b[39m","message":"Connected to DB: mongodb://localhost:27017/","service":"ecommerce-log-service"}
{"code":"ERR_BAD_REQUEST","config":{"adapter":["xhr","http","fetch"],"data":"{\"state\":\"Lagos\",\"country\":\"Nigeria\"}","env":{},"headers":{"Accept":"application/json, text/plain, */*","Accept-Encoding":"gzip, compress, deflate, br","Content-Length":"37","Content-Type":"application/json","User-Agent":"axios/1.7.9"},"maxBodyLength":-1,"maxContentLength":-1,"method":"post","timeout":0,"transformRequest":[null],"transformResponse":[null],"transitional":{"clarifyTimeoutError":false,"forcedJSONParsing":true,"silentJSONParsing":true},"url":"https://countriesnow.space/api/v0.1/countries/state/cities","xsrfCookieName":"XSRF-TOKEN","xsrfHeaderName":"X-XSRF-TOKEN"},"message":"Request failed with status code 404","name":"AxiosError","stack":"AxiosError: Request failed with status code 404\n    at settle (/Users/devs/personal-devs/clickride-backend/node_modules/axios/lib/core/settle.js:19:12)\n    at IncomingMessage.handleStreamEnd (/Users/devs/personal-devs/clickride-backend/node_modules/axios/lib/adapters/http.js:599:11)\n    at IncomingMessage.emit (node:events:531:35)\n    at IncomingMessage.emit (node:domain:488:12)\n    at endReadableNT (node:internal/streams/readable:1698:12)\n    at processTicksAndRejections (node:internal/process/task_queues:90:21)\n    at Axios.request (/Users/devs/personal-devs/clickride-backend/node_modules/axios/lib/core/Axios.js:45:41)\n    at processTicksAndRejections (node:internal/process/task_queues:105:5)","status":404}
{"level":"\u001b[32minfo\u001b[39m","message":"Listening on port: 9000","service":"ecommerce-log-service"}
{"level":"\u001b[32minfo\u001b[39m","message":"Connected to DB: mongodb://localhost:27017/","service":"ecommerce-log-service"}
{"level":"\u001b[32minfo\u001b[39m","message":"Listening on port: 9000","service":"ecommerce-log-service"}
{"level":"\u001b[32minfo\u001b[39m","message":"Connected to DB: mongodb://localhost:27017/","service":"ecommerce-log-service"}
{"level":"\u001b[32minfo\u001b[39m","message":"Listening on port: 9000","service":"ecommerce-log-service"}
{"level":"\u001b[32minfo\u001b[39m","message":"Connected to DB: mongodb://localhost:27017/","service":"ecommerce-log-service"}
{"level":"\u001b[32minfo\u001b[39m","message":"Listening on port: 9000","service":"ecommerce-log-service"}
{"level":"\u001b[32minfo\u001b[39m","message":"Connected to DB: mongodb://localhost:27017/","service":"ecommerce-log-service"}
{"level":"\u001b[32minfo\u001b[39m","message":"Listening on port: 9000","service":"ecommerce-log-service"}
{"level":"\u001b[32minfo\u001b[39m","message":"Connected to DB: mongodb://localhost:27017/","service":"ecommerce-log-service"}
{"level":"\u001b[32minfo\u001b[39m","message":"Listening on port: 9000","service":"ecommerce-log-service"}
{"level":"\u001b[32minfo\u001b[39m","message":"Connected to DB: mongodb://localhost:27017/","service":"ecommerce-log-service"}
{"level":"\u001b[32minfo\u001b[39m","message":"Listening on port: 9000","service":"ecommerce-log-service"}
{"level":"\u001b[32minfo\u001b[39m","message":"Connected to DB: mongodb://localhost:27017/","service":"ecommerce-log-service"}
{"level":"\u001b[32minfo\u001b[39m","message":"Listening on port: 9000","service":"ecommerce-log-service"}
{"level":"\u001b[32minfo\u001b[39m","message":"Connected to DB: mongodb://localhost:27017/","service":"ecommerce-log-service"}
{"code":11000,"errorResponse":{"code":11000,"errmsg":"E11000 duplicate key error collection: test.drivers index: profile.paymentDetails.accountNumber_1 dup key: { profile.paymentDetails.accountNumber: null }","index":0,"keyPattern":{"profile.paymentDetails.accountNumber":1},"keyValue":{"profile.paymentDetails.accountNumber":null}},"index":0,"keyPattern":{"profile.paymentDetails.accountNumber":1},"keyValue":{"profile.paymentDetails.accountNumber":null},"level":"\u001b[31merror\u001b[39m","service":"ecommerce-log-service"}
{"code":11000,"errorResponse":{"code":11000,"errmsg":"E11000 duplicate key error collection: test.users index: email_1 dup key: { email: \"joe@gmail.com\" }","index":0,"keyPattern":{"email":1},"keyValue":{"email":"joe@gmail.com"}},"index":0,"keyPattern":{"email":1},"keyValue":{"email":"joe@gmail.com"},"level":"\u001b[31merror\u001b[39m","service":"ecommerce-log-service"}
{"level":"\u001b[32minfo\u001b[39m","message":"Listening on port: 9000","service":"ecommerce-log-service"}
{"level":"\u001b[32minfo\u001b[39m","message":"Connected to DB: mongodb://localhost:27017/","service":"ecommerce-log-service"}
{"level":"\u001b[32minfo\u001b[39m","message":"Listening on port: 9000","service":"ecommerce-log-service"}
{"level":"\u001b[32minfo\u001b[39m","message":"Connected to DB: mongodb://localhost:27017/","service":"ecommerce-log-service"}
{"level":"\u001b[32minfo\u001b[39m","message":"Listening on port: 9000","service":"ecommerce-log-service"}
{"level":"\u001b[32minfo\u001b[39m","message":"Connected to DB: mongodb://localhost:27017/","service":"ecommerce-log-service"}
{"level":"\u001b[32minfo\u001b[39m","message":"Listening on port: 9000","service":"ecommerce-log-service"}
{"level":"\u001b[32minfo\u001b[39m","message":"Connected to DB: mongodb://localhost:27017/","service":"ecommerce-log-service"}
{"code":11000,"errorResponse":{"code":11000,"errmsg":"E11000 duplicate key error collection: test.users index: email_1 dup key: { email: \"joe@gmail.com\" }","index":0,"keyPattern":{"email":1},"keyValue":{"email":"joe@gmail.com"}},"index":0,"keyPattern":{"email":1},"keyValue":{"email":"joe@gmail.com"},"level":"\u001b[31merror\u001b[39m","service":"ecommerce-log-service"}
{"level":"\u001b[32minfo\u001b[39m","message":"Listening on port: 9000","service":"ecommerce-log-service"}
{"level":"\u001b[32minfo\u001b[39m","message":"Connected to DB: mongodb://localhost:27017/","service":"ecommerce-log-service"}
{"level":"\u001b[32minfo\u001b[39m","message":"Listening on port: 9000","service":"ecommerce-log-service"}
{"level":"\u001b[32minfo\u001b[39m","message":"Connected to DB: mongodb://localhost:27017/","service":"ecommerce-log-service"}
{"level":"\u001b[32minfo\u001b[39m","message":"Listening on port: 9000","service":"ecommerce-log-service"}
{"level":"\u001b[32minfo\u001b[39m","message":"Connected to DB: mongodb://localhost:27017/","service":"ecommerce-log-service"}
{"level":"\u001b[32minfo\u001b[39m","message":"Listening on port: 9000","service":"ecommerce-log-service"}
{"level":"\u001b[32minfo\u001b[39m","message":"Connected to DB: mongodb://localhost:27017/","service":"ecommerce-log-service"}
{"level":"\u001b[32minfo\u001b[39m","message":"Listening on port: 9000","service":"ecommerce-log-service"}
{"level":"\u001b[32minfo\u001b[39m","message":"Connected to DB: mongodb://localhost:27017/","service":"ecommerce-log-service"}
{"level":"\u001b[32minfo\u001b[39m","message":"Listening on port: 9000","service":"ecommerce-log-service"}
{"level":"\u001b[32minfo\u001b[39m","message":"Connected to DB: mongodb://localhost:27017/","service":"ecommerce-log-service"}
{"level":"\u001b[32minfo\u001b[39m","message":"Listening on port: 9000","service":"ecommerce-log-service"}
{"level":"\u001b[32minfo\u001b[39m","message":"Connected to DB: mongodb://localhost:27017/","service":"ecommerce-log-service"}
{"level":"\u001b[32minfo\u001b[39m","message":"Listening on port: 9000","service":"ecommerce-log-service"}
{"level":"\u001b[32minfo\u001b[39m","message":"Connected to DB: mongodb://localhost:27017/","service":"ecommerce-log-service"}
{"level":"\u001b[32minfo\u001b[39m","message":"Listening on port: 9000","service":"ecommerce-log-service"}
{"level":"\u001b[32minfo\u001b[39m","message":"Connected to DB: mongodb://localhost:27017/","service":"ecommerce-log-service"}
{"level":"\u001b[32minfo\u001b[39m","message":"Listening on port: 9000","service":"ecommerce-log-service"}
{"level":"\u001b[32minfo\u001b[39m","message":"Connected to DB: mongodb://localhost:27017/","service":"ecommerce-log-service"}
{"level":"\u001b[32minfo\u001b[39m","message":"Listening on port: 9000","service":"ecommerce-log-service"}
{"level":"\u001b[32minfo\u001b[39m","message":"Connected to DB: mongodb://localhost:27017/","service":"ecommerce-log-service"}
{"level":"\u001b[32minfo\u001b[39m","message":"Listening on port: 9000","service":"ecommerce-log-service"}
{"level":"\u001b[32minfo\u001b[39m","message":"Connected to DB: mongodb://localhost:27017/","service":"ecommerce-log-service"}
{"0":{"__v":0,"_id":"67707d3a784876218419461b","code":"car","color":"#FFDCD4","description":"Order a ride from your home","driver":"Car Driver","image":"https://res.cloudinary.com/dgdu2dyce/image/upload/v1734821455/clickride/ry2pecliebfd3zjke2dw.png","name":"Book a Ride"},"1":{"__v":0,"_id":"67707d3a784876218419461c","code":"bus","color":"#D3E8D9","description":"Book your bus ticket from the comfort of your home.","driver":"Bus Listing","image":"https://res.cloudinary.com/dgdu2dyce/image/upload/v1734821455/clickride/woztjpnirzn25ccafbjk.png","name":"Buy Bus Ticket"},"2":{"__v":0,"_id":"67707d3a784876218419461d","code":"local","color":"#E8E8D3","description":"Call a local rider from around your area","driver":"Local Rider","image":"https://res.cloudinary.com/dgdu2dyce/image/upload/v1734821456/clickride/mxryc9qhtzhcrsd5kp5n.png","name":"Local Trips"},"level":"\u001b[32minfo\u001b[39m","message":"Service result","service":"ecommerce-log-service"}
{"level":"\u001b[32minfo\u001b[39m","message":"Listening on port: 9000","service":"ecommerce-log-service"}
{"level":"\u001b[32minfo\u001b[39m","message":"Connected to DB: mongodb://localhost:27017/","service":"ecommerce-log-service"}
{"0":{"__v":0,"_id":"67707d4aa5490a7dff1449bc","code":"car","color":"#FFDCD4","description":"Order a ride from your home","driver":"Car Driver","image":"https://res.cloudinary.com/dgdu2dyce/image/upload/v1734821455/clickride/ry2pecliebfd3zjke2dw.png","name":"Book a Ride"},"1":{"__v":0,"_id":"67707d4aa5490a7dff1449bd","code":"bus","color":"#D3E8D9","description":"Book your bus ticket from the comfort of your home.","driver":"Bus Listing","image":"https://res.cloudinary.com/dgdu2dyce/image/upload/v1734821455/clickride/woztjpnirzn25ccafbjk.png","name":"Buy Bus Ticket"},"2":{"__v":0,"_id":"67707d4aa5490a7dff1449be","code":"local","color":"#E8E8D3","description":"Call a local rider from around your area","driver":"Local Rider","image":"https://res.cloudinary.com/dgdu2dyce/image/upload/v1734821456/clickride/mxryc9qhtzhcrsd5kp5n.png","name":"Local Trips"},"level":"\u001b[32minfo\u001b[39m","message":"Service result","service":"ecommerce-log-service"}
{"level":"\u001b[32minfo\u001b[39m","message":"Listening on port: 9000","service":"ecommerce-log-service"}
{"level":"\u001b[32minfo\u001b[39m","message":"Connected to DB: mongodb://localhost:27017/","service":"ecommerce-log-service"}
{"level":"\u001b[32minfo\u001b[39m","message":"Listening on port: 9000","service":"ecommerce-log-service"}
{"level":"\u001b[32minfo\u001b[39m","message":"Connected to DB: mongodb://localhost:27017/","service":"ecommerce-log-service"}
{"level":"\u001b[32minfo\u001b[39m","message":"Listening on port: 9000","service":"ecommerce-log-service"}
{"level":"\u001b[32minfo\u001b[39m","message":"Connected to DB: mongodb://localhost:27017/","service":"ecommerce-log-service"}
{"level":"\u001b[32minfo\u001b[39m","message":"Listening on port: 9000","service":"ecommerce-log-service"}
{"level":"\u001b[32minfo\u001b[39m","message":"Connected to DB: mongodb://localhost:27017/","service":"ecommerce-log-service"}
{"level":"\u001b[32minfo\u001b[39m","message":"Listening on port: 9000","service":"ecommerce-log-service"}
{"level":"\u001b[32minfo\u001b[39m","message":"Connected to DB: mongodb://localhost:27017/","service":"ecommerce-log-service"}
{"level":"\u001b[32minfo\u001b[39m","message":"Listening on port: 9000","service":"ecommerce-log-service"}
{"level":"\u001b[32minfo\u001b[39m","message":"Connected to DB: mongodb://localhost:27017/","service":"ecommerce-log-service"}
{"level":"\u001b[32minfo\u001b[39m","message":"Listening on port: 9000","service":"ecommerce-log-service"}
{"level":"\u001b[32minfo\u001b[39m","message":"Connected to DB: mongodb://localhost:27017/","service":"ecommerce-log-service"}
{"level":"\u001b[32minfo\u001b[39m","message":"Listening on port: 9000","service":"ecommerce-log-service"}
{"level":"\u001b[32minfo\u001b[39m","message":"Connected to DB: mongodb://localhost:27017/","service":"ecommerce-log-service"}
{"level":"\u001b[32minfo\u001b[39m","message":"Listening on port: 9000","service":"ecommerce-log-service"}
{"level":"\u001b[32minfo\u001b[39m","message":"Connected to DB: mongodb://localhost:27017/","service":"ecommerce-log-service"}
